#
# A fatal error has been detected by the Java Runtime Environment:
#
#  EXCEPTION_ACCESS_VIOLATION (0xc0000005) at pc=0x00007ffd28edee80, pid=10072, tid=12588
#
# JRE version: Java(TM) SE Runtime Environment (15.0.2+7) (build 15.0.2+7-27)
# Java VM: Java HotSpot(TM) 64-Bit Server VM (15.0.2+7-27, mixed mode, sharing, tiered, compressed oops, g1 gc, windows-amd64)
# Problematic frame:
# V  [jvm.dll+0x17ee80]
#
# No core dump will be written. Minidumps are not enabled by default on client versions of Windows
#
# If you would like to submit a bug report, please visit:
#   https://bugreport.java.com/bugreport/crash.jsp
#

---------------  S U M M A R Y ------------

Command Line: -Dfile.encoding=UTF-8 -XX:+ShowCodeDetailsInExceptionMessages com.jpa.relation.Ujian4JpaRelationApplication

Host: AMD Ryzen 5 1500X Quad-Core Processor          , 8 cores, 15G,  Windows 10 , 64 bit Build 18362 (10.0.18362.1316)
Time: Wed Apr 14 22:27:26 2021 SE Asia Standard Time elapsed time: 1.670725 seconds (0d 0h 0m 1s)

---------------  T H R E A D  ---------------

Current thread (0x000002639e1b3e20):  JavaThread "C2 CompilerThread0" daemon [_thread_in_native, id=12588, stack(0x000000aa2cf00000,0x000000aa2d000000)]


Current CompileTask:
C2:   1670 2917       4       sun.reflect.generics.reflectiveObjects.TypeVariableImpl::hashCode (16 bytes)

Stack: [0x000000aa2cf00000,0x000000aa2d000000],  sp=0x000000aa2cffaa28,  free space=1002k
Native frames: (J=compiled Java code, j=interpreted, Vv=VM code, C=native code)
V  [jvm.dll+0x17ee80]


siginfo: EXCEPTION_ACCESS_VIOLATION (0xc0000005), reading address 0xffffffffffffffff


Register to memory mapping:

RIP=0x00007ffd28edee80 jvm.dll
RAX=0x00007ffd295c2880 jvm.dll
RBX=0x000002639f25cac0 points into unknown readable memory: 0xffffffff00000001 | 01 00 00 00 ff ff ff ff
RCX=0x00000263a1025848 points into unknown readable memory: 0x00007ffd295c2880 | 80 28 5c 29 fd 7f 00 00
RDX=0x00000263a12dcb20 points into unknown readable memory: 0x00000263a1025448 | 48 54 02 a1 63 02 00 00
RSP=0x000000aa2cffaa28 is pointing into the stack for thread: 0x000002639e1b3e20
RBP=0x000000aa2cffaaa0 is pointing into the stack for thread: 0x000002639e1b3e20
RSI=0x0000000000000006 is an unknown value
RDI=0x00000263a1025848 points into unknown readable memory: 0x00007ffd295c2880 | 80 28 5c 29 fd 7f 00 00
R8 =0x0000000000000008 is an unknown value
R9 =0x00000263a12dca80 points into unknown readable memory: 0x0000000000000000 | 00 00 00 00 00 00 00 00
R10=0x000000000000002c is an unknown value
R11=0x000002639f25cac0 points into unknown readable memory: 0xffffffff00000001 | 01 00 00 00 ff ff ff ff
R12=0x000000aa2cffab10 is pointing into the stack for thread: 0x000002639e1b3e20
R13=0x00000263a1025448 points into unknown readable memory: 0x00007ffd295d3658 | 58 36 5d 29 fd 7f 00 00
R14=0x0000000000000002 is an unknown value
R15=0x000000aa2cffb080 is pointing into the stack for thread: 0x000002639e1b3e20


Registers:
RAX=0x00007ffd295c2880, RBX=0x000002639f25cac0, RCX=0x00000263a1025848, RDX=0x00000263a12dcb20
RSP=0x000000aa2cffaa28, RBP=0x000000aa2cffaaa0, RSI=0x0000000000000006, RDI=0x00000263a1025848
R8 =0x0000000000000008, R9 =0x00000263a12dca80, R10=0x000000000000002c, R11=0x000002639f25cac0
R12=0x000000aa2cffab10, R13=0x00000263a1025448, R14=0x0000000000000002, R15=0x000000aa2cffb080
RIP=0x00007ffd28edee80, EFLAGS=0x0000000000010206

Top of Stack: (sp=0x000000aa2cffaa28)
0x000000aa2cffaa28:   00007ffd28fd9d93 000000aa2cffb080
0x000000aa2cffaa38:   000002639f25cac0 0000000000000000
0x000000aa2cffaa48:   0000000000000000 00000263a12dcb28
0x000000aa2cffaa58:   0000002c00000000 0000000000000000
0x000000aa2cffaa68:   0000026300000008 000002639f25d730
0x000000aa2cffaa78:   00007ffd292a033c 000002639e1af530
0x000000aa2cffaa88:   0000000000000000 00000263a0defe60
0x000000aa2cffaa98:   000000aa2cffb080 000002639f25cac0
0x000000aa2cffaaa8:   0000000000000040 00000263a12dca80
0x000000aa2cffaab8:   00007ffd28fda054 00000263a12dca80
0x000000aa2cffaac8:   000002639e1a3780 000000aa2cffb080
0x000000aa2cffaad8:   000002639f25cac0 000002639f25cac0
0x000000aa2cffaae8:   000002639e1af530 00000263a0defe60
0x000000aa2cffaaf8:   0000000000010388 00000263a0df7940
0x000000aa2cffab08:   00000263a0df7e48 000000aa00000002
0x000000aa2cffab18:   000002639f25d720 0000000000000002 

Instructions: (pc=0x00007ffd28edee80)
0x00007ffd28eded80:   75 05 e8 85 9d 65 00 b8 08 00 00 00 48 8b cf 48
0x00007ffd28eded90:   8b 04 18 48 8b 90 d0 04 00 00 48 8b 07 48 8b 9a
0x00007ffd28ededa0:   80 00 00 00 ff 50 68 8b c0 48 8d 0c c5 08 0b 00
0x00007ffd28ededb0:   00 48 8b 83 b8 07 00 00 48 8b 5c 24 30 48 8b 04
0x00007ffd28ededc0:   01 48 83 c4 20 5f c3 cc cc cc cc cc cc cc cc cc
0x00007ffd28ededd0:   48 89 5c 24 08 48 89 74 24 10 48 89 7c 24 18 41
0x00007ffd28edede0:   56 48 83 ec 40 48 8b 41 30 45 33 f6 45 33 db 45
0x00007ffd28ededf0:   33 d2 48 8b f1 48 8b d9 44 8b 40 4c 44 2b 41 14
0x00007ffd28edee00:   44 03 41 10 0f 1f 40 00 0f 1f 84 00 00 00 00 00
0x00007ffd28edee10:   8b 4b 14 44 8b 4b 18 48 8b 7b 30 44 2b c9 2b 4b
0x00007ffd28edee20:   10 41 d1 f9 48 3b de 0f 94 c0 42 8d 14 19 8b 4f
0x00007ffd28edee30:   4c 88 44 24 30 44 89 54 24 28 44 89 5c 24 20 e8
0x00007ffd28edee40:   cc df e8 ff 48 8b 1b 45 33 c0 44 8b 5f 6c 44 8b
0x00007ffd28edee50:   57 50 45 8d 34 c6 48 85 db 75 b5 41 8b d2 33 c9
0x00007ffd28edee60:   e8 3b 99 13 00 48 8b 5c 24 50 48 8b 74 24 58 48
0x00007ffd28edee70:   8b 7c 24 60 41 8d 04 c6 48 83 c4 40 41 5e c3 cc
0x00007ffd28edee80:   83 79 38 00 0f 94 c0 c3 cc cc cc cc cc cc cc cc
0x00007ffd28edee90:   48 83 ec 28 48 8b 49 78 48 85 c9 74 18 48 8d 15
0x00007ffd28edeea0:   7c 16 6d 00 e8 d1 ae 65 00 48 85 c0 74 07 b0 01
0x00007ffd28edeeb0:   48 83 c4 28 c3 32 c0 48 83 c4 28 c3 cc cc cc cc
0x00007ffd28edeec0:   41 57 48 83 ec 60 48 8b 41 08 4c 8b f9 48 8b 48
0x00007ffd28edeed0:   30 8b 51 38 89 54 24 70 85 d2 7f 09 32 c0 48 83
0x00007ffd28edeee0:   c4 60 41 5f c3 48 89 5c 24 58 48 8d 94 24 80 00
0x00007ffd28edeef0:   00 00 48 8b 58 28 4c 8b c3 48 c7 84 24 80 00 00
0x00007ffd28edef00:   00 00 00 00 00 e8 26 83 3a 00 84 c0 74 0a 4c 39
0x00007ffd28edef10:   bc 24 80 00 00 00 74 0e 48 8b 5c 24 58 32 c0 48
0x00007ffd28edef20:   83 c4 60 41 5f c3 48 8b 05 33 4b 8d 00 48 8b d3
0x00007ffd28edef30:   48 89 6c 24 50 48 89 74 24 48 48 89 7c 24 40 4c
0x00007ffd28edef40:   89 64 24 38 4c 8b 60 28 4c 89 6c 24 30 49 8b cc
0x00007ffd28edef50:   4c 89 74 24 28 49 8b 04 24 ff 90 a0 00 00 00 49
0x00007ffd28edef60:   8b 17 49 8b cf 4c 8b e8 ff 92 88 00 00 00 41 be
0x00007ffd28edef70:   01 00 00 00 48 89 84 24 88 00 00 00 8b 48 08 89 


Stack slot to memory mapping:
stack at sp + 0 slots: 0x00007ffd28fd9d93 jvm.dll
stack at sp + 1 slots: 0x000000aa2cffb080 is pointing into the stack for thread: 0x000002639e1b3e20
stack at sp + 2 slots: 0x000002639f25cac0 points into unknown readable memory: 0xffffffff00000001 | 01 00 00 00 ff ff ff ff
stack at sp + 3 slots: 0x0 is NULL
stack at sp + 4 slots: 0x0 is NULL
stack at sp + 5 slots: 0x00000263a12dcb28 points into unknown readable memory: 0x0000000100000002 | 02 00 00 00 01 00 00 00
stack at sp + 6 slots: 0x0000002c00000000 is an unknown value
stack at sp + 7 slots: 0x0 is NULL


---------------  P R O C E S S  ---------------

Threads class SMR info:
_java_thread_list=0x000002639f635210, length=13, elements={
0x00000263fa13dcd0, 0x000002639e18f100, 0x000002639d97d5b0, 0x000002639e1a0450,
0x000002639e1a3e30, 0x000002639e1ae810, 0x000002639e1b3e20, 0x000002639e1b4820,
0x000002639e1c7e00, 0x000002639e2dc760, 0x000002639e2dbdc0, 0x000002639ea909c0,
0x000002639f034ea0
}

Java Threads: ( => current thread )
  0x00000263fa13dcd0 JavaThread "main" [_thread_in_Java, id=6840, stack(0x000000aa2c300000,0x000000aa2c400000)]
  0x000002639e18f100 JavaThread "Reference Handler" daemon [_thread_blocked, id=1684, stack(0x000000aa2ca00000,0x000000aa2cb00000)]
  0x000002639d97d5b0 JavaThread "Finalizer" daemon [_thread_blocked, id=15120, stack(0x000000aa2cb00000,0x000000aa2cc00000)]
  0x000002639e1a0450 JavaThread "Signal Dispatcher" daemon [_thread_blocked, id=11908, stack(0x000000aa2cc00000,0x000000aa2cd00000)]
  0x000002639e1a3e30 JavaThread "Attach Listener" daemon [_thread_blocked, id=9560, stack(0x000000aa2cd00000,0x000000aa2ce00000)]
  0x000002639e1ae810 JavaThread "Service Thread" daemon [_thread_blocked, id=4860, stack(0x000000aa2ce00000,0x000000aa2cf00000)]
=>0x000002639e1b3e20 JavaThread "C2 CompilerThread0" daemon [_thread_in_native, id=12588, stack(0x000000aa2cf00000,0x000000aa2d000000)]
  0x000002639e1b4820 JavaThread "C1 CompilerThread0" daemon [_thread_in_vm, id=3632, stack(0x000000aa2d000000,0x000000aa2d100000)]
  0x000002639e1c7e00 JavaThread "Sweeper thread" daemon [_thread_blocked, id=6884, stack(0x000000aa2d100000,0x000000aa2d200000)]
  0x000002639e2dc760 JavaThread "Notification Thread" daemon [_thread_blocked, id=6136, stack(0x000000aa2d200000,0x000000aa2d300000)]
  0x000002639e2dbdc0 JavaThread "Common-Cleaner" daemon [_thread_blocked, id=2660, stack(0x000000aa2d400000,0x000000aa2d500000)]
  0x000002639ea909c0 JavaThread "C2 CompilerThread1" daemon [_thread_in_native, id=11924, stack(0x000000aa2d500000,0x000000aa2d600000)]
  0x000002639f034ea0 JavaThread "C2 CompilerThread2" daemon [_thread_in_native, id=8088, stack(0x000000aa2d600000,0x000000aa2d700000)]

Other Threads:
  0x000002639e18b950 VMThread "VM Thread" [stack: 0x000000aa2c900000,0x000000aa2ca00000] [id=668]
  0x000002639e2ead90 WatcherThread [stack: 0x000000aa2d300000,0x000000aa2d400000] [id=2688]
  0x00000263fa18f950 GCTaskThread "GC Thread#0" [stack: 0x000000aa2c400000,0x000000aa2c500000] [id=10180]
  0x000002639e78da90 GCTaskThread "GC Thread#1" [stack: 0x000000aa2d700000,0x000000aa2d800000] [id=8876]
  0x000002639e78c440 GCTaskThread "GC Thread#2" [stack: 0x000000aa2d800000,0x000000aa2d900000] [id=14468]
  0x000002639e78d430 GCTaskThread "GC Thread#3" [stack: 0x000000aa2d900000,0x000000aa2da00000] [id=6608]
  0x000002639e78c770 GCTaskThread "GC Thread#4" [stack: 0x000000aa2da00000,0x000000aa2db00000] [id=2852]
  0x000002639e78f0e0 GCTaskThread "GC Thread#5" [stack: 0x000000aa2db00000,0x000000aa2dc00000] [id=8992]
  0x00000263fa1a21e0 ConcurrentGCThread "G1 Main Marker" [stack: 0x000000aa2c500000,0x000000aa2c600000] [id=3084]
  0x00000263fa1a3cf0 ConcurrentGCThread "G1 Conc#0" [stack: 0x000000aa2c600000,0x000000aa2c700000] [id=6848]
  0x000002639d8020d0 ConcurrentGCThread "G1 Refine#0" [stack: 0x000000aa2c700000,0x000000aa2c800000] [id=3520]
  0x000002639f23e350 ConcurrentGCThread "G1 Refine#1" [stack: 0x000000aa2dc00000,0x000000aa2dd00000] [id=8828]
  0x000002639d802be0 ConcurrentGCThread "G1 Young RemSet Sampling" [stack: 0x000000aa2c800000,0x000000aa2c900000] [id=7708]

Threads with active compile tasks:
C2 CompilerThread0     1696 2917       4       sun.reflect.generics.reflectiveObjects.TypeVariableImpl::hashCode (16 bytes)
C1 CompilerThread0     1696 2928       3       org.springframework.asm.Frame::execute (2305 bytes)
C2 CompilerThread1     1696 2690   !   4       jdk.internal.loader.BuiltinClassLoader::loadClassOrNull (143 bytes)
C2 CompilerThread2     1696 2921       4       org.springframework.core.ResolvableType::forType (115 bytes)

VM state: not at safepoint (normal execution)

VM Mutex/Monitor currently owned by a thread: None

Heap address: 0x0000000701000000, size: 4080 MB, Compressed Oops mode: Zero based, Oop shift amount: 3
CDS archive(s) mapped at: [0x0000000800000000-0x0000000800b50000-0x0000000800b50000), size 11862016, SharedBaseAddress: 0x0000000800000000, ArchiveRelocationMode: 0.
Compressed class space mapped at: 0x0000000800b50000-0x0000000840b50000, size: 1073741824
Narrow klass base: 0x0000000800000000, Narrow klass shift: 3, Narrow klass range: 0x100000000

GC Precious Log:
 CPUs: 8 total, 8 available
 Memory: 16315M
 Large Page Support: Disabled
 NUMA Support: Disabled
 Compressed Oops: Enabled (Zero based)
 Heap Region Size: 2M
 Heap Min Capacity: 8M
 Heap Initial Capacity: 256M
 Heap Max Capacity: 4080M
 Pre-touch: Disabled
 Parallel Workers: 8
 Concurrent Workers: 2
 Concurrent Refinement Workers: 8
 Periodic GC: Disabled

Heap:
 garbage-first heap   total 262144K, used 51716K [0x0000000701000000, 0x0000000800000000)
  region size 2048K, 25 young (51200K), 2 survivors (4096K)
 Metaspace       used 20312K, capacity 20652K, committed 20864K, reserved 1067008K
  class space    used 2468K, capacity 2580K, committed 2688K, reserved 1048576K

Heap Regions: E=young(eden), S=young(survivor), O=old, HS=humongous(starts), HC=humongous(continues), CS=collection set, F=free, OA=open archive, CA=closed archive, TAMS=top-at-mark-start (previous, next)
|   0|0x0000000701000000, 0x0000000701200000, 0x0000000701200000|100%| O|  |TAMS 0x0000000701000000, 0x0000000701000000| Untracked 
|   1|0x0000000701200000, 0x0000000701400000, 0x0000000701400000|100%| O|  |TAMS 0x0000000701200000, 0x0000000701200000| Untracked 
|   2|0x0000000701400000, 0x0000000701600000, 0x0000000701600000|100%| O|  |TAMS 0x0000000701400000, 0x0000000701400000| Untracked 
|   3|0x0000000701600000, 0x000000070162d800, 0x0000000701800000|  8%| O|  |TAMS 0x0000000701600000, 0x0000000701600000| Untracked 
|   4|0x0000000701800000, 0x0000000701800000, 0x0000000701a00000|  0%| F|  |TAMS 0x0000000701800000, 0x0000000701800000| Untracked 
|   5|0x0000000701a00000, 0x0000000701a00000, 0x0000000701c00000|  0%| F|  |TAMS 0x0000000701a00000, 0x0000000701a00000| Untracked 
|   6|0x0000000701c00000, 0x0000000701c00000, 0x0000000701e00000|  0%| F|  |TAMS 0x0000000701c00000, 0x0000000701c00000| Untracked 
|   7|0x0000000701e00000, 0x0000000701e00000, 0x0000000702000000|  0%| F|  |TAMS 0x0000000701e00000, 0x0000000701e00000| Untracked 
|   8|0x0000000702000000, 0x0000000702000000, 0x0000000702200000|  0%| F|  |TAMS 0x0000000702000000, 0x0000000702000000| Untracked 
|   9|0x0000000702200000, 0x0000000702200000, 0x0000000702400000|  0%| F|  |TAMS 0x0000000702200000, 0x0000000702200000| Untracked 
|  10|0x0000000702400000, 0x0000000702400000, 0x0000000702600000|  0%| F|  |TAMS 0x0000000702400000, 0x0000000702400000| Untracked 
|  11|0x0000000702600000, 0x0000000702600000, 0x0000000702800000|  0%| F|  |TAMS 0x0000000702600000, 0x0000000702600000| Untracked 
|  12|0x0000000702800000, 0x0000000702800000, 0x0000000702a00000|  0%| F|  |TAMS 0x0000000702800000, 0x0000000702800000| Untracked 
|  13|0x0000000702a00000, 0x0000000702a00000, 0x0000000702c00000|  0%| F|  |TAMS 0x0000000702a00000, 0x0000000702a00000| Untracked 
|  14|0x0000000702c00000, 0x0000000702c00000, 0x0000000702e00000|  0%| F|  |TAMS 0x0000000702c00000, 0x0000000702c00000| Untracked 
|  15|0x0000000702e00000, 0x0000000702e00000, 0x0000000703000000|  0%| F|  |TAMS 0x0000000702e00000, 0x0000000702e00000| Untracked 
|  16|0x0000000703000000, 0x0000000703000000, 0x0000000703200000|  0%| F|  |TAMS 0x0000000703000000, 0x0000000703000000| Untracked 
|  17|0x0000000703200000, 0x0000000703200000, 0x0000000703400000|  0%| F|  |TAMS 0x0000000703200000, 0x0000000703200000| Untracked 
|  18|0x0000000703400000, 0x0000000703400000, 0x0000000703600000|  0%| F|  |TAMS 0x0000000703400000, 0x0000000703400000| Untracked 
|  19|0x0000000703600000, 0x0000000703600000, 0x0000000703800000|  0%| F|  |TAMS 0x0000000703600000, 0x0000000703600000| Untracked 
|  20|0x0000000703800000, 0x0000000703800000, 0x0000000703a00000|  0%| F|  |TAMS 0x0000000703800000, 0x0000000703800000| Untracked 
|  21|0x0000000703a00000, 0x0000000703a00000, 0x0000000703c00000|  0%| F|  |TAMS 0x0000000703a00000, 0x0000000703a00000| Untracked 
|  22|0x0000000703c00000, 0x0000000703c00000, 0x0000000703e00000|  0%| F|  |TAMS 0x0000000703c00000, 0x0000000703c00000| Untracked 
|  23|0x0000000703e00000, 0x0000000703e00000, 0x0000000704000000|  0%| F|  |TAMS 0x0000000703e00000, 0x0000000703e00000| Untracked 
|  24|0x0000000704000000, 0x0000000704000000, 0x0000000704200000|  0%| F|  |TAMS 0x0000000704000000, 0x0000000704000000| Untracked 
|  25|0x0000000704200000, 0x0000000704200000, 0x0000000704400000|  0%| F|  |TAMS 0x0000000704200000, 0x0000000704200000| Untracked 
|  26|0x0000000704400000, 0x0000000704400000, 0x0000000704600000|  0%| F|  |TAMS 0x0000000704400000, 0x0000000704400000| Untracked 
|  27|0x0000000704600000, 0x0000000704600000, 0x0000000704800000|  0%| F|  |TAMS 0x0000000704600000, 0x0000000704600000| Untracked 
|  28|0x0000000704800000, 0x0000000704800000, 0x0000000704a00000|  0%| F|  |TAMS 0x0000000704800000, 0x0000000704800000| Untracked 
|  29|0x0000000704a00000, 0x0000000704a00000, 0x0000000704c00000|  0%| F|  |TAMS 0x0000000704a00000, 0x0000000704a00000| Untracked 
|  30|0x0000000704c00000, 0x0000000704c00000, 0x0000000704e00000|  0%| F|  |TAMS 0x0000000704c00000, 0x0000000704c00000| Untracked 
|  31|0x0000000704e00000, 0x0000000704e00000, 0x0000000705000000|  0%| F|  |TAMS 0x0000000704e00000, 0x0000000704e00000| Untracked 
|  32|0x0000000705000000, 0x0000000705000000, 0x0000000705200000|  0%| F|  |TAMS 0x0000000705000000, 0x0000000705000000| Untracked 
|  33|0x0000000705200000, 0x0000000705200000, 0x0000000705400000|  0%| F|  |TAMS 0x0000000705200000, 0x0000000705200000| Untracked 
|  34|0x0000000705400000, 0x0000000705400000, 0x0000000705600000|  0%| F|  |TAMS 0x0000000705400000, 0x0000000705400000| Untracked 
|  35|0x0000000705600000, 0x0000000705600000, 0x0000000705800000|  0%| F|  |TAMS 0x0000000705600000, 0x0000000705600000| Untracked 
|  36|0x0000000705800000, 0x0000000705800000, 0x0000000705a00000|  0%| F|  |TAMS 0x0000000705800000, 0x0000000705800000| Untracked 
|  37|0x0000000705a00000, 0x0000000705a00000, 0x0000000705c00000|  0%| F|  |TAMS 0x0000000705a00000, 0x0000000705a00000| Untracked 
|  38|0x0000000705c00000, 0x0000000705c00000, 0x0000000705e00000|  0%| F|  |TAMS 0x0000000705c00000, 0x0000000705c00000| Untracked 
|  39|0x0000000705e00000, 0x0000000705e00000, 0x0000000706000000|  0%| F|  |TAMS 0x0000000705e00000, 0x0000000705e00000| Untracked 
|  40|0x0000000706000000, 0x0000000706000000, 0x0000000706200000|  0%| F|  |TAMS 0x0000000706000000, 0x0000000706000000| Untracked 
|  41|0x0000000706200000, 0x0000000706200000, 0x0000000706400000|  0%| F|  |TAMS 0x0000000706200000, 0x0000000706200000| Untracked 
|  42|0x0000000706400000, 0x0000000706400000, 0x0000000706600000|  0%| F|  |TAMS 0x0000000706400000, 0x0000000706400000| Untracked 
|  43|0x0000000706600000, 0x0000000706600000, 0x0000000706800000|  0%| F|  |TAMS 0x0000000706600000, 0x0000000706600000| Untracked 
|  44|0x0000000706800000, 0x0000000706800000, 0x0000000706a00000|  0%| F|  |TAMS 0x0000000706800000, 0x0000000706800000| Untracked 
|  45|0x0000000706a00000, 0x0000000706a00000, 0x0000000706c00000|  0%| F|  |TAMS 0x0000000706a00000, 0x0000000706a00000| Untracked 
|  46|0x0000000706c00000, 0x0000000706c00000, 0x0000000706e00000|  0%| F|  |TAMS 0x0000000706c00000, 0x0000000706c00000| Untracked 
|  47|0x0000000706e00000, 0x0000000706e00000, 0x0000000707000000|  0%| F|  |TAMS 0x0000000706e00000, 0x0000000706e00000| Untracked 
|  48|0x0000000707000000, 0x0000000707000000, 0x0000000707200000|  0%| F|  |TAMS 0x0000000707000000, 0x0000000707000000| Untracked 
|  49|0x0000000707200000, 0x0000000707200000, 0x0000000707400000|  0%| F|  |TAMS 0x0000000707200000, 0x0000000707200000| Untracked 
|  50|0x0000000707400000, 0x0000000707400000, 0x0000000707600000|  0%| F|  |TAMS 0x0000000707400000, 0x0000000707400000| Untracked 
|  51|0x0000000707600000, 0x0000000707600000, 0x0000000707800000|  0%| F|  |TAMS 0x0000000707600000, 0x0000000707600000| Untracked 
|  52|0x0000000707800000, 0x0000000707800000, 0x0000000707a00000|  0%| F|  |TAMS 0x0000000707800000, 0x0000000707800000| Untracked 
|  53|0x0000000707a00000, 0x0000000707a00000, 0x0000000707c00000|  0%| F|  |TAMS 0x0000000707a00000, 0x0000000707a00000| Untracked 
|  54|0x0000000707c00000, 0x0000000707c00000, 0x0000000707e00000|  0%| F|  |TAMS 0x0000000707c00000, 0x0000000707c00000| Untracked 
|  55|0x0000000707e00000, 0x0000000707e00000, 0x0000000708000000|  0%| F|  |TAMS 0x0000000707e00000, 0x0000000707e00000| Untracked 
|  56|0x0000000708000000, 0x0000000708000000, 0x0000000708200000|  0%| F|  |TAMS 0x0000000708000000, 0x0000000708000000| Untracked 
|  57|0x0000000708200000, 0x0000000708200000, 0x0000000708400000|  0%| F|  |TAMS 0x0000000708200000, 0x0000000708200000| Untracked 
|  58|0x0000000708400000, 0x0000000708400000, 0x0000000708600000|  0%| F|  |TAMS 0x0000000708400000, 0x0000000708400000| Untracked 
|  59|0x0000000708600000, 0x0000000708600000, 0x0000000708800000|  0%| F|  |TAMS 0x0000000708600000, 0x0000000708600000| Untracked 
|  60|0x0000000708800000, 0x0000000708800000, 0x0000000708a00000|  0%| F|  |TAMS 0x0000000708800000, 0x0000000708800000| Untracked 
|  61|0x0000000708a00000, 0x0000000708a00000, 0x0000000708c00000|  0%| F|  |TAMS 0x0000000708a00000, 0x0000000708a00000| Untracked 
|  62|0x0000000708c00000, 0x0000000708c00000, 0x0000000708e00000|  0%| F|  |TAMS 0x0000000708c00000, 0x0000000708c00000| Untracked 
|  63|0x0000000708e00000, 0x0000000708e00000, 0x0000000709000000|  0%| F|  |TAMS 0x0000000708e00000, 0x0000000708e00000| Untracked 
|  64|0x0000000709000000, 0x0000000709000000, 0x0000000709200000|  0%| F|  |TAMS 0x0000000709000000, 0x0000000709000000| Untracked 
|  65|0x0000000709200000, 0x0000000709200000, 0x0000000709400000|  0%| F|  |TAMS 0x0000000709200000, 0x0000000709200000| Untracked 
|  66|0x0000000709400000, 0x0000000709400000, 0x0000000709600000|  0%| F|  |TAMS 0x0000000709400000, 0x0000000709400000| Untracked 
|  67|0x0000000709600000, 0x0000000709600000, 0x0000000709800000|  0%| F|  |TAMS 0x0000000709600000, 0x0000000709600000| Untracked 
|  68|0x0000000709800000, 0x0000000709800000, 0x0000000709a00000|  0%| F|  |TAMS 0x0000000709800000, 0x0000000709800000| Untracked 
|  69|0x0000000709a00000, 0x0000000709a00000, 0x0000000709c00000|  0%| F|  |TAMS 0x0000000709a00000, 0x0000000709a00000| Untracked 
|  70|0x0000000709c00000, 0x0000000709c00000, 0x0000000709e00000|  0%| F|  |TAMS 0x0000000709c00000, 0x0000000709c00000| Untracked 
|  71|0x0000000709e00000, 0x0000000709e00000, 0x000000070a000000|  0%| F|  |TAMS 0x0000000709e00000, 0x0000000709e00000| Untracked 
|  72|0x000000070a000000, 0x000000070a000000, 0x000000070a200000|  0%| F|  |TAMS 0x000000070a000000, 0x000000070a000000| Untracked 
|  73|0x000000070a200000, 0x000000070a200000, 0x000000070a400000|  0%| F|  |TAMS 0x000000070a200000, 0x000000070a200000| Untracked 
|  74|0x000000070a400000, 0x000000070a400000, 0x000000070a600000|  0%| F|  |TAMS 0x000000070a400000, 0x000000070a400000| Untracked 
|  75|0x000000070a600000, 0x000000070a600000, 0x000000070a800000|  0%| F|  |TAMS 0x000000070a600000, 0x000000070a600000| Untracked 
|  76|0x000000070a800000, 0x000000070a800000, 0x000000070aa00000|  0%| F|  |TAMS 0x000000070a800000, 0x000000070a800000| Untracked 
|  77|0x000000070aa00000, 0x000000070aa00000, 0x000000070ac00000|  0%| F|  |TAMS 0x000000070aa00000, 0x000000070aa00000| Untracked 
|  78|0x000000070ac00000, 0x000000070ac00000, 0x000000070ae00000|  0%| F|  |TAMS 0x000000070ac00000, 0x000000070ac00000| Untracked 
|  79|0x000000070ae00000, 0x000000070ae00000, 0x000000070b000000|  0%| F|  |TAMS 0x000000070ae00000, 0x000000070ae00000| Untracked 
|  80|0x000000070b000000, 0x000000070b000000, 0x000000070b200000|  0%| F|  |TAMS 0x000000070b000000, 0x000000070b000000| Untracked 
|  81|0x000000070b200000, 0x000000070b200000, 0x000000070b400000|  0%| F|  |TAMS 0x000000070b200000, 0x000000070b200000| Untracked 
|  82|0x000000070b400000, 0x000000070b400000, 0x000000070b600000|  0%| F|  |TAMS 0x000000070b400000, 0x000000070b400000| Untracked 
|  83|0x000000070b600000, 0x000000070b600000, 0x000000070b800000|  0%| F|  |TAMS 0x000000070b600000, 0x000000070b600000| Untracked 
|  84|0x000000070b800000, 0x000000070b800000, 0x000000070ba00000|  0%| F|  |TAMS 0x000000070b800000, 0x000000070b800000| Untracked 
|  85|0x000000070ba00000, 0x000000070ba00000, 0x000000070bc00000|  0%| F|  |TAMS 0x000000070ba00000, 0x000000070ba00000| Untracked 
|  86|0x000000070bc00000, 0x000000070bc00000, 0x000000070be00000|  0%| F|  |TAMS 0x000000070bc00000, 0x000000070bc00000| Untracked 
|  87|0x000000070be00000, 0x000000070be00000, 0x000000070c000000|  0%| F|  |TAMS 0x000000070be00000, 0x000000070be00000| Untracked 
|  88|0x000000070c000000, 0x000000070c000000, 0x000000070c200000|  0%| F|  |TAMS 0x000000070c000000, 0x000000070c000000| Untracked 
|  89|0x000000070c200000, 0x000000070c200000, 0x000000070c400000|  0%| F|  |TAMS 0x000000070c200000, 0x000000070c200000| Untracked 
|  90|0x000000070c400000, 0x000000070c400000, 0x000000070c600000|  0%| F|  |TAMS 0x000000070c400000, 0x000000070c400000| Untracked 
|  91|0x000000070c600000, 0x000000070c600000, 0x000000070c800000|  0%| F|  |TAMS 0x000000070c600000, 0x000000070c600000| Untracked 
|  92|0x000000070c800000, 0x000000070c800000, 0x000000070ca00000|  0%| F|  |TAMS 0x000000070c800000, 0x000000070c800000| Untracked 
|  93|0x000000070ca00000, 0x000000070ca00000, 0x000000070cc00000|  0%| F|  |TAMS 0x000000070ca00000, 0x000000070ca00000| Untracked 
|  94|0x000000070cc00000, 0x000000070cc00000, 0x000000070ce00000|  0%| F|  |TAMS 0x000000070cc00000, 0x000000070cc00000| Untracked 
|  95|0x000000070ce00000, 0x000000070ce00000, 0x000000070d000000|  0%| F|  |TAMS 0x000000070ce00000, 0x000000070ce00000| Untracked 
|  96|0x000000070d000000, 0x000000070d000000, 0x000000070d200000|  0%| F|  |TAMS 0x000000070d000000, 0x000000070d000000| Untracked 
|  97|0x000000070d200000, 0x000000070d200000, 0x000000070d400000|  0%| F|  |TAMS 0x000000070d200000, 0x000000070d200000| Untracked 
|  98|0x000000070d400000, 0x000000070d400000, 0x000000070d600000|  0%| F|  |TAMS 0x000000070d400000, 0x000000070d400000| Untracked 
|  99|0x000000070d600000, 0x000000070d600000, 0x000000070d800000|  0%| F|  |TAMS 0x000000070d600000, 0x000000070d600000| Untracked 
| 100|0x000000070d800000, 0x000000070d800000, 0x000000070da00000|  0%| F|  |TAMS 0x000000070d800000, 0x000000070d800000| Untracked 
| 101|0x000000070da00000, 0x000000070da00000, 0x000000070dc00000|  0%| F|  |TAMS 0x000000070da00000, 0x000000070da00000| Untracked 
| 102|0x000000070dc00000, 0x000000070dc00000, 0x000000070de00000|  0%| F|  |TAMS 0x000000070dc00000, 0x000000070dc00000| Untracked 
| 103|0x000000070de00000, 0x000000070de53bc0, 0x000000070e000000| 16%| S|CS|TAMS 0x000000070de00000, 0x000000070de00000| Complete 
| 104|0x000000070e000000, 0x000000070e200000, 0x000000070e200000|100%| S|CS|TAMS 0x000000070e000000, 0x000000070e000000| Complete 
| 105|0x000000070e200000, 0x000000070e300800, 0x000000070e400000| 50%| E|  |TAMS 0x000000070e200000, 0x000000070e200000| Complete 
| 106|0x000000070e400000, 0x000000070e600000, 0x000000070e600000|100%| E|CS|TAMS 0x000000070e400000, 0x000000070e400000| Complete 
| 107|0x000000070e600000, 0x000000070e800000, 0x000000070e800000|100%| E|CS|TAMS 0x000000070e600000, 0x000000070e600000| Complete 
| 108|0x000000070e800000, 0x000000070ea00000, 0x000000070ea00000|100%| E|CS|TAMS 0x000000070e800000, 0x000000070e800000| Complete 
| 109|0x000000070ea00000, 0x000000070ec00000, 0x000000070ec00000|100%| E|CS|TAMS 0x000000070ea00000, 0x000000070ea00000| Complete 
| 110|0x000000070ec00000, 0x000000070ee00000, 0x000000070ee00000|100%| E|CS|TAMS 0x000000070ec00000, 0x000000070ec00000| Complete 
| 111|0x000000070ee00000, 0x000000070f000000, 0x000000070f000000|100%| E|CS|TAMS 0x000000070ee00000, 0x000000070ee00000| Complete 
| 112|0x000000070f000000, 0x000000070f200000, 0x000000070f200000|100%| E|CS|TAMS 0x000000070f000000, 0x000000070f000000| Complete 
| 113|0x000000070f200000, 0x000000070f400000, 0x000000070f400000|100%| E|CS|TAMS 0x000000070f200000, 0x000000070f200000| Complete 
| 114|0x000000070f400000, 0x000000070f600000, 0x000000070f600000|100%| E|CS|TAMS 0x000000070f400000, 0x000000070f400000| Complete 
| 115|0x000000070f600000, 0x000000070f800000, 0x000000070f800000|100%| E|CS|TAMS 0x000000070f600000, 0x000000070f600000| Complete 
| 116|0x000000070f800000, 0x000000070fa00000, 0x000000070fa00000|100%| E|CS|TAMS 0x000000070f800000, 0x000000070f800000| Complete 
| 117|0x000000070fa00000, 0x000000070fc00000, 0x000000070fc00000|100%| E|CS|TAMS 0x000000070fa00000, 0x000000070fa00000| Complete 
| 118|0x000000070fc00000, 0x000000070fe00000, 0x000000070fe00000|100%| E|CS|TAMS 0x000000070fc00000, 0x000000070fc00000| Complete 
| 119|0x000000070fe00000, 0x0000000710000000, 0x0000000710000000|100%| E|CS|TAMS 0x000000070fe00000, 0x000000070fe00000| Complete 
| 120|0x0000000710000000, 0x0000000710200000, 0x0000000710200000|100%| E|CS|TAMS 0x0000000710000000, 0x0000000710000000| Complete 
| 121|0x0000000710200000, 0x0000000710400000, 0x0000000710400000|100%| E|CS|TAMS 0x0000000710200000, 0x0000000710200000| Complete 
| 122|0x0000000710400000, 0x0000000710600000, 0x0000000710600000|100%| E|CS|TAMS 0x0000000710400000, 0x0000000710400000| Complete 
| 123|0x0000000710600000, 0x0000000710800000, 0x0000000710800000|100%| E|CS|TAMS 0x0000000710600000, 0x0000000710600000| Complete 
| 124|0x0000000710800000, 0x0000000710a00000, 0x0000000710a00000|100%| E|CS|TAMS 0x0000000710800000, 0x0000000710800000| Complete 
| 125|0x0000000710a00000, 0x0000000710c00000, 0x0000000710c00000|100%| E|CS|TAMS 0x0000000710a00000, 0x0000000710a00000| Complete 
| 126|0x0000000710c00000, 0x0000000710e00000, 0x0000000710e00000|100%| E|  |TAMS 0x0000000710c00000, 0x0000000710c00000| Complete 
| 127|0x0000000710e00000, 0x0000000711000000, 0x0000000711000000|100%| E|CS|TAMS 0x0000000710e00000, 0x0000000710e00000| Complete 

Card table byte_map: [0x00000263fad40000,0x00000263fb540000] _byte_map_base: 0x00000263f7538000

Marking Bits (Prev, Next): (CMBitMap*) 0x00000263fa1910e0, (CMBitMap*) 0x00000263fa191120
 Prev Bits: [0x00000263fbd40000, 0x00000263ffd00000)
 Next Bits: [0x0000026397160000, 0x000002639b120000)

Polling page: 0x00000263f8080000

Metaspace:

Usage:
  Non-class:     17.65 MB capacity,    17.45 MB ( 99%) used,   168.72 KB ( <1%) free+waste,    30.75 KB ( <1%) overhead. 
      Class:      2.52 MB capacity,     2.42 MB ( 96%) used,    93.91 KB (  4%) free+waste,    12.63 KB ( <1%) overhead. 
       Both:     20.17 MB capacity,    19.87 MB ( 99%) used,   262.63 KB (  1%) free+waste,    43.38 KB ( <1%) overhead. 

Virtual space:
  Non-class space:       18.00 MB reserved,      17.75 MB ( 99%) committed 
      Class space:        1.00 GB reserved,       2.63 MB ( <1%) committed 
             Both:        1.02 GB reserved,      20.38 MB (  2%) committed 

Chunk freelists:
   Non-Class:  40.00 KB
       Class:  12.00 KB
        Both:  52.00 KB

MaxMetaspaceSize: 17179869184.00 GB
CompressedClassSpaceSize: 1.00 GB

CodeHeap 'non-profiled nmethods': size=120000Kb used=1325Kb max_used=1325Kb free=118674Kb
 bounds [0x000002638fc30000, 0x000002638fea0000, 0x0000026397160000]
CodeHeap 'profiled nmethods': size=120000Kb used=6026Kb max_used=6026Kb free=113974Kb
 bounds [0x0000026388700000, 0x0000026388cf0000, 0x000002638fc30000]
CodeHeap 'non-nmethods': size=5760Kb used=1205Kb max_used=1253Kb free=4554Kb
 bounds [0x0000026388160000, 0x00000263883d0000, 0x0000026388700000]
 total_blobs=3393 nmethods=2929 adapters=375
 compilation: enabled
              stopped_count=0, restarted_count=0
 full_count=0

Compilation events (20 events):
Event: 1.654 Thread 0x000002639e1b4820 2915       3       org.springframework.core.type.StandardAnnotationMetadata::isAnnotatedMethod (29 bytes)
Event: 1.654 Thread 0x000002639f034ea0 nmethod 2884 0x000002638fd77390 code [0x000002638fd775a0, 0x000002638fd78928]
Event: 1.654 Thread 0x000002639e1b4820 nmethod 2915 0x0000026388cce210 code [0x0000026388cce4a0, 0x0000026388ccf1b8]
Event: 1.654 Thread 0x000002639f034ea0 2861       4       org.springframework.core.annotation.AttributeMethods::canThrowTypeNotPresentException (7 bytes)
Event: 1.654 Thread 0x000002639e1b4820 2916       3       org.springframework.beans.factory.support.AbstractBeanFactory::isTypeMatch (607 bytes)
Event: 1.655 Thread 0x000002639e1b3e20 nmethod 2856 0x000002638fd79410 code [0x000002638fd795a0, 0x000002638fd79ab8]
Event: 1.655 Thread 0x000002639e1b3e20 2917       4       sun.reflect.generics.reflectiveObjects.TypeVariableImpl::hashCode (16 bytes)
Event: 1.655 Thread 0x000002639f034ea0 nmethod 2861 0x000002638fd79d10 code [0x000002638fd79e80, 0x000002638fd79f18]
Event: 1.655 Thread 0x000002639f034ea0 2918       4       org.springframework.beans.factory.support.AbstractAutowireCapableBeanFactory::determineTargetType (60 bytes)
Event: 1.657 Thread 0x000002639e1b4820 nmethod 2916 0x0000026388ccf610 code [0x0000026388ccfbc0, 0x0000026388cd4658]
Event: 1.658 Thread 0x000002639e1b4820 2923       3       org.springframework.core.ResolvableType::isInstance (21 bytes)
Event: 1.658 Thread 0x000002639e1b4820 nmethod 2923 0x0000026388cd5690 code [0x0000026388cd5840, 0x0000026388cd5ac8]
Event: 1.658 Thread 0x000002639e1b4820 2920   !   3       jdk.internal.reflect.GeneratedMethodAccessor7::invoke (63 bytes)
Event: 1.658 Thread 0x000002639f034ea0 nmethod 2918 0x000002638fd7a010 code [0x000002638fd7a1a0, 0x000002638fd7a3d8]
Event: 1.658 Thread 0x000002639f034ea0 2922       4       org.springframework.beans.factory.support.AbstractBeanFactory::getBeanPostProcessorCache (140 bytes)
Event: 1.658 Thread 0x000002639e1b4820 nmethod 2920 0x0000026388cd5b90 code [0x0000026388cd5dc0, 0x0000026388cd64b8]
Event: 1.658 Thread 0x000002639e1b4820 2924       3       java.lang.ClassLoader::definePackage (53 bytes)
Event: 1.658 Thread 0x000002639e1b4820 nmethod 2924 0x0000026388cd6810 code [0x0000026388cd6a00, 0x0000026388cd6f58]
Event: 1.658 Thread 0x000002639f034ea0 nmethod 2922 0x000002638fd7a590 code [0x000002638fd7a700, 0x000002638fd7a778]
Event: 1.658 Thread 0x000002639f034ea0 2919       4       org.springframework.beans.factory.support.AbstractAutowireCapableBeanFactory::predictBeanType (126 bytes)

GC Heap History (6 events):
Event: 0.534 GC heap before
{Heap before GC invocations=0 (full 0):
 garbage-first heap   total 262144K, used 20480K [0x0000000701000000, 0x0000000800000000)
  region size 2048K, 11 young (22528K), 0 survivors (0K)
 Metaspace       used 5818K, capacity 7493K, committed 7808K, reserved 1056768K
  class space    used 664K, capacity 813K, committed 896K, reserved 1048576K
}
Event: 0.538 GC heap after
{Heap after GC invocations=1 (full 0):
 garbage-first heap   total 262144K, used 6506K [0x0000000701000000, 0x0000000800000000)
  region size 2048K, 2 young (4096K), 2 survivors (4096K)
 Metaspace       used 5818K, capacity 7493K, committed 7808K, reserved 1056768K
  class space    used 664K, capacity 813K, committed 896K, reserved 1048576K
}
Event: 0.803 GC heap before
{Heap before GC invocations=1 (full 0):
 garbage-first heap   total 262144K, used 26986K [0x0000000701000000, 0x0000000800000000)
  region size 2048K, 13 young (26624K), 2 survivors (4096K)
 Metaspace       used 11705K, capacity 12347K, committed 12544K, reserved 1060864K
  class space    used 1380K, capacity 1473K, committed 1536K, reserved 1048576K
}
Event: 0.807 GC heap after
{Heap after GC invocations=2 (full 0):
 garbage-first heap   total 262144K, used 7726K [0x0000000701000000, 0x0000000800000000)
  region size 2048K, 1 young (2048K), 1 survivors (2048K)
 Metaspace       used 11705K, capacity 12347K, committed 12544K, reserved 1060864K
  class space    used 1380K, capacity 1473K, committed 1536K, reserved 1048576K
}
Event: 0.993 GC heap before
{Heap before GC invocations=2 (full 0):
 garbage-first heap   total 262144K, used 50734K [0x0000000701000000, 0x0000000800000000)
  region size 2048K, 23 young (47104K), 1 survivors (2048K)
 Metaspace       used 15178K, capacity 15435K, committed 15488K, reserved 1062912K
  class space    used 1843K, capacity 1902K, committed 1920K, reserved 1048576K
}
Event: 0.996 GC heap after
{Heap after GC invocations=3 (full 0):
 garbage-first heap   total 262144K, used 8708K [0x0000000701000000, 0x0000000800000000)
  region size 2048K, 2 young (4096K), 2 survivors (4096K)
 Metaspace       used 15178K, capacity 15435K, committed 15488K, reserved 1062912K
  class space    used 1843K, capacity 1902K, committed 1920K, reserved 1048576K
}

Deoptimization events (20 events):
Event: 1.503 Thread 0x00000263fa13dcd0 Uncommon trap: trap_request=0xffffffde fr.pc=0x000002638fd3c0bc relative=0x00000000000008bc
Event: 1.503 Thread 0x00000263fa13dcd0 Uncommon trap: reason=class_check action=maybe_recompile pc=0x000002638fd3c0bc method=org.springframework.util.ConcurrentReferenceHashMap$Segment.findInChain(Lorg/springframework/util/ConcurrentReferenceHashMap$Reference;Ljava/lang/Object;I)Lorg/springfra
Event: 1.504 Thread 0x00000263fa13dcd0 DEOPT PACKING pc=0x000002638fd3c0bc sp=0x000000aa2c3fe580
Event: 1.504 Thread 0x00000263fa13dcd0 DEOPT UNPACKING pc=0x00000263881ae42f sp=0x000000aa2c3fe3b8 mode 2
Event: 1.512 Thread 0x00000263fa13dcd0 Uncommon trap: trap_request=0xffffffde fr.pc=0x000002638fd5903c relative=0x000000000000027c
Event: 1.512 Thread 0x00000263fa13dcd0 Uncommon trap: reason=class_check action=maybe_recompile pc=0x000002638fd5903c method=org.springframework.util.ConcurrentReferenceHashMap$Segment.findInChain(Lorg/springframework/util/ConcurrentReferenceHashMap$Reference;Ljava/lang/Object;I)Lorg/springfra
Event: 1.512 Thread 0x00000263fa13dcd0 DEOPT PACKING pc=0x000002638fd5903c sp=0x000000aa2c3fe380
Event: 1.512 Thread 0x00000263fa13dcd0 DEOPT UNPACKING pc=0x00000263881ae42f sp=0x000000aa2c3fe328 mode 2
Event: 1.513 Thread 0x00000263fa13dcd0 Uncommon trap: trap_request=0xffffffde fr.pc=0x000002638fd5903c relative=0x000000000000027c
Event: 1.513 Thread 0x00000263fa13dcd0 Uncommon trap: reason=class_check action=maybe_recompile pc=0x000002638fd5903c method=org.springframework.util.ConcurrentReferenceHashMap$Segment.findInChain(Lorg/springframework/util/ConcurrentReferenceHashMap$Reference;Ljava/lang/Object;I)Lorg/springfra
Event: 1.513 Thread 0x00000263fa13dcd0 DEOPT PACKING pc=0x000002638fd5903c sp=0x000000aa2c3fe210
Event: 1.513 Thread 0x00000263fa13dcd0 DEOPT UNPACKING pc=0x00000263881ae42f sp=0x000000aa2c3fe1b8 mode 2
Event: 1.562 Thread 0x00000263fa13dcd0 Uncommon trap: trap_request=0xffffffc6 fr.pc=0x000002638fd1e87c relative=0x00000000000007fc
Event: 1.562 Thread 0x00000263fa13dcd0 Uncommon trap: reason=bimorphic_or_optimized_type_check action=maybe_recompile pc=0x000002638fd1e87c method=java.util.HashMap.putVal(ILjava/lang/Object;Ljava/lang/Object;ZZ)Ljava/lang/Object; @ 203 c2
Event: 1.562 Thread 0x00000263fa13dcd0 DEOPT PACKING pc=0x000002638fd1e87c sp=0x000000aa2c3fe7b0
Event: 1.562 Thread 0x00000263fa13dcd0 DEOPT UNPACKING pc=0x00000263881ae42f sp=0x000000aa2c3fe740 mode 2
Event: 1.654 Thread 0x00000263fa13dcd0 Uncommon trap: trap_request=0xffffff45 fr.pc=0x000002638fd64e70 relative=0x00000000000036d0
Event: 1.654 Thread 0x00000263fa13dcd0 Uncommon trap: reason=unstable_if action=reinterpret pc=0x000002638fd64e70 method=org.springframework.beans.factory.support.AbstractBeanFactory.isTypeMatch(Ljava/lang/String;Lorg/springframework/core/ResolvableType;Z)Z @ 99 c2
Event: 1.654 Thread 0x00000263fa13dcd0 DEOPT PACKING pc=0x000002638fd64e70 sp=0x000000aa2c3fec50
Event: 1.654 Thread 0x00000263fa13dcd0 DEOPT UNPACKING pc=0x00000263881ae42f sp=0x000000aa2c3fec28 mode 2

Classes unloaded (0 events):
No events

Classes redefined (0 events):
No events

Internal exceptions (20 events):
Event: 0.866 Thread 0x00000263fa13dcd0 Exception <a 'java/lang/ClassNotFoundException'{0x000000071093cb18}: org/springframework/core/OrderedCustomizer> (0x000000071093cb18) 
thrown [./open/src/hotspot/share/classfile/systemDictionary.cpp, line 295]
Event: 0.866 Thread 0x00000263fa13dcd0 Exception <a 'java/lang/ClassNotFoundException'{0x0000000710940b50}: org/springframework/context/ResourceLoaderAwareCustomizer> (0x0000000710940b50) 
thrown [./open/src/hotspot/share/classfile/systemDictionary.cpp, line 295]
Event: 0.867 Thread 0x00000263fa13dcd0 Exception <a 'java/lang/ClassNotFoundException'{0x0000000710944d30}: org/springframework/beans/factory/AwareCustomizer> (0x0000000710944d30) 
thrown [./open/src/hotspot/share/classfile/systemDictionary.cpp, line 295]
Event: 0.867 Thread 0x00000263fa13dcd0 Exception <a 'java/lang/ClassNotFoundException'{0x0000000710947e68}: org/springframework/context/ApplicationStartupAwareCustomizer> (0x0000000710947e68) 
thrown [./open/src/hotspot/share/classfile/systemDictionary.cpp, line 295]
Event: 0.867 Thread 0x00000263fa13dcd0 Exception <a 'java/lang/ClassNotFoundException'{0x000000071094c2c0}: org/springframework/beans/factory/AwareCustomizer> (0x000000071094c2c0) 
thrown [./open/src/hotspot/share/classfile/systemDictionary.cpp, line 295]
Event: 0.867 Thread 0x00000263fa13dcd0 Exception <a 'java/lang/ClassNotFoundException'{0x000000071094f3d0}: org/springframework/beans/factory/BeanClassLoaderAwareCustomizer> (0x000000071094f3d0) 
thrown [./open/src/hotspot/share/classfile/systemDictionary.cpp, line 295]
Event: 0.868 Thread 0x00000263fa13dcd0 Exception <a 'java/lang/ClassNotFoundException'{0x00000007109535c8}: org/springframework/beans/factory/AwareCustomizer> (0x00000007109535c8) 
thrown [./open/src/hotspot/share/classfile/systemDictionary.cpp, line 295]
Event: 0.868 Thread 0x00000263fa13dcd0 Exception <a 'java/lang/ClassNotFoundException'{0x0000000710956548}: org/springframework/context/EnvironmentAwareCustomizer> (0x0000000710956548) 
thrown [./open/src/hotspot/share/classfile/systemDictionary.cpp, line 295]
Event: 0.869 Thread 0x00000263fa13dcd0 Exception <a 'java/lang/ClassNotFoundException'{0x000000071095a6b8}: org/springframework/beans/factory/AwareCustomizer> (0x000000071095a6b8) 
thrown [./open/src/hotspot/share/classfile/systemDictionary.cpp, line 295]
Event: 0.879 Thread 0x000002639e2db8f0 Exception <a 'java/lang/NoSuchMethodError'{0x00000007107f0c10}: 'long java.lang.invoke.DirectMethodHandle$Holder.invokeSpecial(java.lang.Object, java.lang.Object)'> (0x00000007107f0c10) 
thrown [./open/src/hotspot/share/interpreter/linkResolver.cpp, line 782]
Event: 0.881 Thread 0x000002639e2db8f0 Exception <a 'java/lang/NoSuchMethodError'{0x00000007107fc210}: 'long java.lang.invoke.DirectMethodHandle$Holder.invokeStatic(java.lang.Object, java.lang.Object)'> (0x00000007107fc210) 
thrown [./open/src/hotspot/share/interpreter/linkResolver.cpp, line 782]
Event: 0.881 Thread 0x000002639e2db8f0 Exception <a 'java/lang/NoSuchMethodError'{0x00000007107ff9f0}: 'long java.lang.invoke.DirectMethodHandle$Holder.invokeStaticInit(java.lang.Object, java.lang.Object)'> (0x00000007107ff9f0) 
thrown [./open/src/hotspot/share/interpreter/linkResolver.cpp, line 782]
Event: 0.883 Thread 0x000002639e2db8f0 Exception <a 'java/lang/NoSuchMethodError'{0x000000071040e560}: 'long java.lang.invoke.DirectMethodHandle$Holder.invokeInterface(java.lang.Object, java.lang.Object)'> (0x000000071040e560) 
thrown [./open/src/hotspot/share/interpreter/linkResolver.cpp, line 782]
Event: 0.883 Thread 0x000002639e2db8f0 Exception <a 'java/lang/IncompatibleClassChangeError'{0x0000000710411cc0}: Found class java.lang.Object, but interface was expected> (0x0000000710411cc0) 
thrown [./open/src/hotspot/share/interpreter/linkResolver.cpp, line 848]
Event: 0.891 Thread 0x000002639e2db8f0 Exception <a 'java/lang/NoSuchMethodError'{0x000000071053a750}: 'java.lang.Object java.lang.invoke.DirectMethodHandle$Holder.invokeVirtual(java.lang.Object, java.lang.Object, java.lang.Object, java.lang.Object)'> (0x000000071053a750) 
thrown [./open/src/hotspot/share/interpreter/linkResolver.cpp, line 782]
Event: 1.030 Thread 0x00000263fa13dcd0 Exception <a 'java/lang/IncompatibleClassChangeError'{0x00000007106d5e70}: Found class java.lang.Object, but interface was expected> (0x00000007106d5e70) 
thrown [./open/src/hotspot/share/interpreter/linkResolver.cpp, line 848]
Event: 1.064 Thread 0x00000263fa13dcd0 Exception <a 'java/lang/NoSuchMethodError'{0x00000007104fd468}: 'void java.lang.invoke.DirectMethodHandle$Holder.invokeInterface(java.lang.Object, java.lang.Object, java.lang.Object, java.lang.Object)'> (0x00000007104fd468) 
thrown [./open/src/hotspot/share/interpreter/linkResolver.cpp, line 782]
Event: 1.135 Thread 0x00000263fa13dcd0 Exception <a 'java/lang/NoSuchMethodError'{0x000000071017e0a8}: 'java.lang.Object java.lang.invoke.DirectMethodHandle$Holder.invokeStatic(java.lang.Object, java.lang.Object, int)'> (0x000000071017e0a8) 
thrown [./open/src/hotspot/share/interpreter/linkResolver.cpp, line 782]
Event: 1.136 Thread 0x00000263fa13dcd0 Exception <a 'java/lang/NoSuchMethodError'{0x0000000710189f20}: 'void java.lang.invoke.DelegatingMethodHandle$Holder.delegate(java.lang.Object, java.lang.Object, int, java.lang.Object)'> (0x0000000710189f20) 
thrown [./open/src/hotspot/share/interpreter/linkResolver.cpp, line 782]
Event: 1.485 Thread 0x00000263fa13dcd0 Exception <a 'java/lang/NoSuchMethodError'{0x000000070edf4c70}: 'java.lang.Object java.lang.invoke.DirectMethodHandle$Holder.invokeStatic(java.lang.Object, java.lang.Object, java.lang.Object, java.lang.Object, int)'> (0x000000070edf4c70) 
thrown [./open/src/hotspot/share/interpreter/linkResolver.cpp, line 782]

Events (20 events):
Event: 1.485 loading class java/util/stream/Streams$RangeIntSpliterator
Event: 1.485 loading class java/util/stream/Streams$RangeIntSpliterator done
Event: 1.486 loading class java/util/stream/IntPipeline$1
Event: 1.486 loading class java/util/stream/IntPipeline$1 done
Event: 1.486 loading class java/util/stream/IntPipeline$1$1
Event: 1.486 loading class java/util/stream/IntPipeline$1$1 done
Event: 1.493 loading class java/util/stream/Streams$ConcatSpliterator$OfRef
Event: 1.493 loading class java/util/stream/Streams$ConcatSpliterator
Event: 1.493 loading class java/util/stream/Streams$ConcatSpliterator done
Event: 1.493 loading class java/util/stream/Streams$ConcatSpliterator$OfRef done
Event: 1.493 loading class java/util/stream/Streams$2
Event: 1.493 loading class java/util/stream/Streams$2 done
Event: 1.531 loading class java/util/stream/ReferencePipeline$11
Event: 1.531 loading class java/util/stream/ReferencePipeline$11 done
Event: 1.531 loading class java/util/stream/ReferencePipeline$11$1
Event: 1.531 loading class java/util/stream/ReferencePipeline$11$1 done
Event: 1.533 Executing VM operation: HandshakeAllThreads
Event: 1.533 Executing VM operation: HandshakeAllThreads done
Event: 1.542 Executing VM operation: ICBufferFull
Event: 1.542 Executing VM operation: ICBufferFull done


Dynamic libraries:
0x00007ff710a50000 - 0x00007ff710a5f000 	C:\Program Files\Java\jdk-15.0.2\bin\javaw.exe
0x00007ffd6aee0000 - 0x00007ffd6b0d0000 	C:\Windows\SYSTEM32\ntdll.dll
0x00007ffd69d30000 - 0x00007ffd69de2000 	C:\Windows\System32\KERNEL32.DLL
0x00007ffd67f70000 - 0x00007ffd68215000 	C:\Windows\System32\KERNELBASE.dll
0x00007ffd68e10000 - 0x00007ffd68f0a000 	C:\Windows\System32\ucrtbase.dll
0x00007ffd63c70000 - 0x00007ffd63c89000 	C:\Program Files\Java\jdk-15.0.2\bin\VCRUNTIME140.dll
0x00007ffd63f60000 - 0x00007ffd63f78000 	C:\Program Files\Java\jdk-15.0.2\bin\jli.dll
0x00007ffd69e20000 - 0x00007ffd69ec3000 	C:\Windows\System32\ADVAPI32.dll
0x00007ffd69ed0000 - 0x00007ffd69f6e000 	C:\Windows\System32\msvcrt.dll
0x00007ffd699e0000 - 0x00007ffd69a77000 	C:\Windows\System32\sechost.dll
0x00007ffd695c0000 - 0x00007ffd696df000 	C:\Windows\System32\RPCRT4.dll
0x00007ffd69b90000 - 0x00007ffd69d24000 	C:\Windows\System32\USER32.dll
0x00007ffd68c90000 - 0x00007ffd68cb1000 	C:\Windows\System32\win32u.dll
0x00007ffd56860000 - 0x00007ffd56ae4000 	C:\Windows\WinSxS\amd64_microsoft.windows.common-controls_6595b64144ccf1df_6.0.18362.1316_none_9e7a364fe461dbd7\COMCTL32.dll
0x00007ffd69180000 - 0x00007ffd691a6000 	C:\Windows\System32\GDI32.dll
0x00007ffd691b0000 - 0x00007ffd694e7000 	C:\Windows\System32\combase.dll
0x00007ffd68220000 - 0x00007ffd683b8000 	C:\Windows\System32\gdi32full.dll
0x00007ffd67ee0000 - 0x00007ffd67f61000 	C:\Windows\System32\bcryptPrimitives.dll
0x00007ffd68d70000 - 0x00007ffd68e0e000 	C:\Windows\System32\msvcp_win.dll
0x00007ffd5ed20000 - 0x00007ffd5ed2a000 	C:\Windows\SYSTEM32\VERSION.dll
0x00007ffd69150000 - 0x00007ffd6917e000 	C:\Windows\System32\IMM32.DLL
0x00007ffd555a0000 - 0x00007ffd555ac000 	C:\Program Files\Java\jdk-15.0.2\bin\vcruntime140_1.dll
0x00007ffd4ad20000 - 0x00007ffd4adb1000 	C:\Program Files\Java\jdk-15.0.2\bin\msvcp140.dll
0x00007ffd28d60000 - 0x00007ffd298be000 	C:\Program Files\Java\jdk-15.0.2\bin\server\jvm.dll
0x00007ffd6a950000 - 0x00007ffd6a958000 	C:\Windows\System32\PSAPI.DLL
0x00007ffd658d0000 - 0x00007ffd658f4000 	C:\Windows\SYSTEM32\WINMM.dll
0x00007ffd529d0000 - 0x00007ffd529d9000 	C:\Windows\SYSTEM32\WSOCK32.dll
0x00007ffd6ae30000 - 0x00007ffd6ae9f000 	C:\Windows\System32\WS2_32.dll
0x00007ffd658a0000 - 0x00007ffd658cd000 	C:\Windows\SYSTEM32\WINMMBASE.dll
0x00007ffd68f10000 - 0x00007ffd68f5a000 	C:\Windows\System32\cfgmgr32.dll
0x00007ffd67e40000 - 0x00007ffd67e51000 	C:\Windows\System32\kernel.appcore.dll
0x00007ffd64090000 - 0x00007ffd6409a000 	C:\Program Files\Java\jdk-15.0.2\bin\jimage.dll
0x00007ffd665f0000 - 0x00007ffd667e4000 	C:\Windows\SYSTEM32\DBGHELP.DLL
0x00007ffd64b80000 - 0x00007ffd64baa000 	C:\Windows\SYSTEM32\dbgcore.DLL
0x00007ffd63f80000 - 0x00007ffd63fa5000 	C:\Program Files\Java\jdk-15.0.2\bin\java.dll
0x00007ffd6a260000 - 0x00007ffd6a948000 	C:\Windows\System32\SHELL32.dll
0x00007ffd69a80000 - 0x00007ffd69b27000 	C:\Windows\System32\shcore.dll
0x00007ffd683c0000 - 0x00007ffd68b3b000 	C:\Windows\System32\windows.storage.dll
0x00007ffd67da0000 - 0x00007ffd67dc3000 	C:\Windows\System32\profapi.dll
0x00007ffd67dd0000 - 0x00007ffd67e1a000 	C:\Windows\System32\powrprof.dll
0x00007ffd67d90000 - 0x00007ffd67da0000 	C:\Windows\System32\UMPDC.dll
0x00007ffd69560000 - 0x00007ffd695b2000 	C:\Windows\System32\shlwapi.dll
0x00007ffd67ec0000 - 0x00007ffd67ed7000 	C:\Windows\System32\cryptsp.dll
0x00007ffd63f20000 - 0x00007ffd63f39000 	C:\Program Files\Java\jdk-15.0.2\bin\net.dll
0x00007ffd5f8b0000 - 0x00007ffd5f9a0000 	C:\Windows\SYSTEM32\WINHTTP.dll
0x00007ffd675d0000 - 0x00007ffd67637000 	C:\Windows\system32\mswsock.dll
0x00007ffd63f00000 - 0x00007ffd63f12000 	C:\Program Files\Java\jdk-15.0.2\bin\nio.dll
0x00007ffd63f40000 - 0x00007ffd63f58000 	C:\Program Files\Java\jdk-15.0.2\bin\zip.dll
0x00007ffd63ef0000 - 0x00007ffd63f00000 	C:\Program Files\Java\jdk-15.0.2\bin\verify.dll
0x00007ffd55590000 - 0x00007ffd55599000 	C:\Program Files\Java\jdk-15.0.2\bin\management.dll
0x00007ffd55580000 - 0x00007ffd5558b000 	C:\Program Files\Java\jdk-15.0.2\bin\management_ext.dll
0x00007ffd528e0000 - 0x00007ffd528f6000 	C:\Windows\system32\napinsp.dll
0x00007ffd528c0000 - 0x00007ffd528da000 	C:\Windows\system32\pnrpnsp.dll
0x00007ffd67320000 - 0x00007ffd673eb000 	C:\Windows\SYSTEM32\DNSAPI.dll
0x00007ffd6a0f0000 - 0x00007ffd6a0f8000 	C:\Windows\System32\NSI.dll
0x00007ffd672e0000 - 0x00007ffd6731a000 	C:\Windows\SYSTEM32\IPHLPAPI.DLL
0x00007ffd52a00000 - 0x00007ffd52a0e000 	C:\Windows\System32\winrnr.dll
0x00007ffd61ed0000 - 0x00007ffd61eec000 	C:\Windows\system32\NLAapi.dll
0x00007ffd614c0000 - 0x00007ffd614d5000 	C:\Windows\system32\wshbth.dll
0x00007ffd5b270000 - 0x00007ffd5b27a000 	C:\Windows\System32\rasadhlp.dll
0x00007ffd5ef80000 - 0x00007ffd5eff7000 	C:\Windows\System32\fwpuclnt.dll
0x00007ffd68f60000 - 0x00007ffd68f86000 	C:\Windows\System32\bcrypt.dll

dbghelp: loaded successfully - version: 4.0.5 - missing functions: none
symbol engine: initialized successfully - sym options: 0x614 - pdb path: .;C:\Program Files\Java\jdk-15.0.2\bin;C:\Windows\SYSTEM32;C:\Windows\WinSxS\amd64_microsoft.windows.common-controls_6595b64144ccf1df_6.0.18362.1316_none_9e7a364fe461dbd7;C:\Program Files\Java\jdk-15.0.2\bin\server

VM Arguments:
jvm_args: -Dfile.encoding=UTF-8 -XX:+ShowCodeDetailsInExceptionMessages 
java_command: com.jpa.relation.Ujian4JpaRelationApplication
java_class_path (initial): G:\RAKA\Belajar Java\Java_Basic_Batch8\Ujian4_JPA_Relation\target\classes;C:\Users\rakau\.m2\repository\org\springframework\boot\spring-boot-starter-data-jpa\2.4.4\spring-boot-starter-data-jpa-2.4.4.jar;C:\Users\rakau\.m2\repository\org\springframework\boot\spring-boot-starter-aop\2.4.4\spring-boot-starter-aop-2.4.4.jar;C:\Users\rakau\.m2\repository\org\springframework\spring-aop\5.3.5\spring-aop-5.3.5.jar;C:\Users\rakau\.m2\repository\org\aspectj\aspectjweaver\1.9.6\aspectjweaver-1.9.6.jar;C:\Users\rakau\.m2\repository\org\springframework\boot\spring-boot-starter-jdbc\2.4.4\spring-boot-starter-jdbc-2.4.4.jar;C:\Users\rakau\.m2\repository\com\zaxxer\HikariCP\3.4.5\HikariCP-3.4.5.jar;C:\Users\rakau\.m2\repository\org\springframework\spring-jdbc\5.3.5\spring-jdbc-5.3.5.jar;C:\Users\rakau\.m2\repository\jakarta\transaction\jakarta.transaction-api\1.3.3\jakarta.transaction-api-1.3.3.jar;C:\Users\rakau\.m2\repository\jakarta\persistence\jakarta.persistence-api\2.2.3\jakarta.persistence-api-2.2.3.jar;C:\Users\rakau\.m2\repository\org\hibernate\hibernate-core\5.4.29.Final\hibernate-core-5.4.29.Final.jar;C:\Users\rakau\.m2\repository\org\jboss\logging\jboss-logging\3.4.1.Final\jboss-logging-3.4.1.Final.jar;C:\Users\rakau\.m2\repository\org\javassist\javassist\3.27.0-GA\javassist-3.27.0-GA.jar;C:\Users\rakau\.m2\repository\net\bytebuddy\byte-buddy\1.10.22\byte-buddy-1.10.22.jar;C:\Users\rakau\.m2\repository\antlr\antlr\2.7.7\antlr-2.7.7.jar;C:\Users\rakau\.m2\repository\org\jboss\jandex\2.2.3.Final\jandex-2.2.3.Final.jar;C:\Users\rakau\.m2\repository\com\fasterxml\classmate\1.5.1\classmate-1.5.1.jar;C:\Users\rakau\.m2\repository\org\dom4j\dom4j\2.1.3\dom4j-2.1.3.jar;C:\Users\rakau\.m2\repository\org\hibernate\common\hibernate-commons-annotations\5.1.2.Final\hibernate-commons-annotations-5.1.2.Final.jar;C:\Users\rakau\.m2\repository\org\glassfish\jaxb\jaxb-runtime\2.3.3\jaxb-runtime-2.3.3.jar;C:\Users\rakau\.m2\repository\org\glassfish\jaxb\txw2\2
Launcher Type: SUN_STANDARD

[Global flags]
     intx CICompilerCount                          = 4                                         {product} {ergonomic}
     uint ConcGCThreads                            = 2                                         {product} {ergonomic}
     uint G1ConcRefinementThreads                  = 8                                         {product} {ergonomic}
   size_t G1HeapRegionSize                         = 2097152                                   {product} {ergonomic}
    uintx GCDrainStackTargetSize                   = 64                                        {product} {ergonomic}
   size_t InitialHeapSize                          = 268435456                                 {product} {ergonomic}
   size_t MarkStackSize                            = 4194304                                   {product} {ergonomic}
   size_t MaxHeapSize                              = 4278190080                                {product} {ergonomic}
   size_t MaxNewSize                               = 2566914048                                {product} {ergonomic}
   size_t MinHeapDeltaBytes                        = 2097152                                   {product} {ergonomic}
   size_t MinHeapSize                              = 8388608                                   {product} {ergonomic}
    uintx NonNMethodCodeHeapSize                   = 5839372                                {pd product} {ergonomic}
    uintx NonProfiledCodeHeapSize                  = 122909434                              {pd product} {ergonomic}
    uintx ProfiledCodeHeapSize                     = 122909434                              {pd product} {ergonomic}
    uintx ReservedCodeCacheSize                    = 251658240                              {pd product} {ergonomic}
     bool SegmentedCodeCache                       = true                                      {product} {ergonomic}
     bool ShowCodeDetailsInExceptionMessages       = true                                   {manageable} {command line}
   size_t SoftMaxHeapSize                          = 4278190080                             {manageable} {ergonomic}
     bool UseCompressedClassPointers               = true                                 {lp64_product} {ergonomic}
     bool UseCompressedOops                        = true                                 {lp64_product} {ergonomic}
     bool UseG1GC                                  = true                                      {product} {ergonomic}
     bool UseLargePagesIndividualAllocation        = false                                  {pd product} {ergonomic}

Logging:
Log output configuration:
 #0: stdout all=warning uptime,level,tags
 #1: stderr all=off uptime,level,tags

Environment Variables:
JAVA_HOME=C:\Program Files\Java\jdk-15.0.2
PATH=C:/Program Files/Java/jdk-15.0.2/bin/server;C:/Program Files/Java/jdk-15.0.2/bin;C:\Python39\Scripts\;C:\Python39\;C:\Program Files (x86)\Common Files\Oracle\Java\javapath;C:\Program Files\Common Files\Oracle\Java\javapath;C:\Windows\system32;C:\Windows;C:\Windows\System32\Wbem;C:\Windows\System32\WindowsPowerShell\v1.0\;C:\Windows\System32\OpenSSH\;C:\Program Files\nodejs\;C:\ProgramData\chocolatey\bin;C:\Program Files\Git\cmd;C:\Users\rakau\AppData\Local\Programs\Python\Python38\Scripts\;C:\Users\rakau\AppData\Local\Programs\Python\Python38\;C:\Users\rakau\AppData\Local\Microsoft\WindowsApps;;C:\Users\rakau\AppData\Local\Programs\Microsoft VS Code\bin;C:\Users\rakau\AppData\Roaming\npm;C:\Users\rakau\OneDrive\Desktop;
USERNAME=rakau
OS=Windows_NT
PROCESSOR_IDENTIFIER=AMD64 Family 23 Model 1 Stepping 1, AuthenticAMD



---------------  S Y S T E M  ---------------

OS:
 Windows 10 , 64 bit Build 18362 (10.0.18362.1316)
OS uptime: 0 days 0:33 hours

CPU: total 8 (initial active 8) (8 cores per cpu, 2 threads per core) family 23 model 1 stepping 1 microcode 0x0, cmov, cx8, fxsr, mmx, sse, sse2, sse3, ssse3, sse4.1, sse4.2, popcnt, vzeroupper, avx, avx2, aes, clmul, 3dnowpref, lzcnt, sse4a, ht, tsc, tscinvbit, tscinv, bmi1, bmi2, adx, sha, fma, clflush, clflushopt

Memory: 4k page, system-wide physical 16315M (10612M free)
TotalPageFile size 22971M (AvailPageFile size 15146M)
current process WorkingSet (physical memory assigned to process): 168M, peak: 168M
current process commit charge ("private bytes"): 419M, peak: 419M

vm_info: Java HotSpot(TM) 64-Bit Server VM (15.0.2+7-27) for windows-amd64 JRE (15.0.2+7-27), built on Dec  7 2020 20:07:01 by "mach5one" with unknown MS VC++:1925

END.
